# JRE version: Java(TM) SE Runtime Environment (8.0_60-b27) (build 1.8.0_60-b27)
# Java VM: Java HotSpot(TM) 64-Bit Server VM (25.60-b23 mixed mode linux-amd64 compressed oops)
Heap:
 PSYoungGen      total 260096K, used 15558K [0x00000000eab00000, 0x0000000100000000, 0x0000000100000000)
  eden space 173056K, 2% used [0x00000000eab00000,0x00000000eaeb5d48,0x00000000f5400000)
  from space 87040K, 13% used [0x00000000f5400000,0x00000000f5f7bc50,0x00000000fa900000)
  to   space 84480K, 0% used [0x00000000fad80000,0x00000000fad80000,0x0000000100000000)
 ParOldGen       total 699392K, used 39948K [0x00000000c0000000, 0x00000000eab00000, 0x00000000eab00000)
  object space 699392K, 5% used [0x00000000c0000000,0x00000000c2703010,0x00000000eab00000)
 Metaspace       used 75606K, capacity 76896K, committed 77080K, reserved 1118208K
  class space    used 8884K, capacity 9191K, committed 9264K, reserved 1048576K
GC Heap History (10 events):
Event: 16.042 GC heap before
{Heap before GC invocations=10 (full 3):
 PSYoungGen      total 254464K, used 13693K [0x00000000eab00000, 0x0000000100000000, 0x0000000100000000)
  eden space 159744K, 0% used [0x00000000eab00000,0x00000000eab00000,0x00000000f4700000)
  from space 94720K, 14% used [0x00000000f4700000,0x00000000f545f618,0x00000000fa380000)
  to   space 93184K, 0% used [0x00000000fa500000,0x00000000fa500000,0x0000000100000000)
 ParOldGen       total 699392K, used 40295K [0x00000000c0000000, 0x00000000eab00000, 0x00000000eab00000)
  object space 699392K, 5% used [0x00000000c0000000,0x00000000c2759f48,0x00000000eab00000)
 Metaspace       used 58024K, capacity 58918K, committed 59160K, reserved 1101824K
  class space    used 7174K, capacity 7437K, committed 7472K, reserved 1048576K
Event: 16.299 GC heap after
Heap after GC invocations=10 (full 3):
 PSYoungGen      total 254464K, used 0K [0x00000000eab00000, 0x0000000100000000, 0x0000000100000000)
  eden space 159744K, 0% used [0x00000000eab00000,0x00000000eab00000,0x00000000f4700000)
  from space 94720K, 0% used [0x00000000f4700000,0x00000000f4700000,0x00000000fa380000)
  to   space 93184K, 0% used [0x00000000fa500000,0x00000000fa500000,0x0000000100000000)
 ParOldGen       total 699392K, used 39916K [0x00000000c0000000, 0x00000000eab00000, 0x00000000eab00000)
  object space 699392K, 5% used [0x00000000c0000000,0x00000000c26fb010,0x00000000eab00000)
 Metaspace       used 58024K, capacity 58918K, committed 59160K, reserved 1101824K
  class space    used 7174K, capacity 7437K, committed 7472K, reserved 1048576K
}
Event: 33.567 GC heap before
{Heap before GC invocations=11 (full 3):
 PSYoungGen      total 254464K, used 159744K [0x00000000eab00000, 0x0000000100000000, 0x0000000100000000)
  eden space 159744K, 100% used [0x00000000eab00000,0x00000000f4700000,0x00000000f4700000)
  from space 94720K, 0% used [0x00000000f4700000,0x00000000f4700000,0x00000000fa380000)
  to   space 93184K, 0% used [0x00000000fa500000,0x00000000fa500000,0x0000000100000000)
 ParOldGen       total 699392K, used 39916K [0x00000000c0000000, 0x00000000eab00000, 0x00000000eab00000)
  object space 699392K, 5% used [0x00000000c0000000,0x00000000c26fb010,0x00000000eab00000)
 Metaspace       used 66057K, capacity 67064K, committed 67608K, reserved 1107968K
  class space    used 8131K, capacity 8422K, committed 8496K, reserved 1048576K
Event: 33.586 GC heap after
Heap after GC invocations=11 (full 3):
 PSYoungGen      total 257536K, used 12387K [0x00000000eab00000, 0x0000000100000000, 0x0000000100000000)
  eden space 164352K, 0% used [0x00000000eab00000,0x00000000eab00000,0x00000000f4b80000)
  from space 93184K, 13% used [0x00000000fa500000,0x00000000fb118e98,0x0000000100000000)
  to   space 91648K, 0% used [0x00000000f4b80000,0x00000000f4b80000,0x00000000fa500000)
 ParOldGen       total 699392K, used 39924K [0x00000000c0000000, 0x00000000eab00000, 0x00000000eab00000)
  object space 699392K, 5% used [0x00000000c0000000,0x00000000c26fd010,0x00000000eab00000)
 Metaspace       used 66057K, capacity 67064K, committed 67608K, reserved 1107968K
  class space    used 8131K, capacity 8422K, committed 8496K, reserved 1048576K
}
Event: 35.546 GC heap before
{Heap before GC invocations=12 (full 3):
 PSYoungGen      total 257536K, used 176739K [0x00000000eab00000, 0x0000000100000000, 0x0000000100000000)
  eden space 164352K, 100% used [0x00000000eab00000,0x00000000f4b80000,0x00000000f4b80000)
  from space 93184K, 13% used [0x00000000fa500000,0x00000000fb118e98,0x0000000100000000)
  to   space 91648K, 0% used [0x00000000f4b80000,0x00000000f4b80000,0x00000000fa500000)
 ParOldGen       total 699392K, used 39924K [0x00000000c0000000, 0x00000000eab00000, 0x00000000eab00000)
  object space 699392K, 5% used [0x00000000c0000000,0x00000000c26fd010,0x00000000eab00000)
 Metaspace       used 73281K, capacity 74356K, committed 74904K, reserved 1116160K
  class space    used 8715K, capacity 9009K, committed 9136K, reserved 1048576K
Event: 35.570 GC heap after
Heap after GC invocations=12 (full 3):
 PSYoungGen      total 256000K, used 13652K [0x00000000eab00000, 0x0000000100000000, 0x0000000100000000)
  eden space 164352K, 0% used [0x00000000eab00000,0x00000000eab00000,0x00000000f4b80000)
  from space 91648K, 14% used [0x00000000f4b80000,0x00000000f58d5370,0x00000000fa500000)
  to   space 89088K, 0% used [0x00000000fa900000,0x00000000fa900000,0x0000000100000000)
 ParOldGen       total 699392K, used 39932K [0x00000000c0000000, 0x00000000eab00000, 0x00000000eab00000)
  object space 699392K, 5% used [0x00000000c0000000,0x00000000c26ff010,0x00000000eab00000)
 Metaspace       used 73281K, capacity 74356K, committed 74904K, reserved 1116160K
  class space    used 8715K, capacity 9009K, committed 9136K, reserved 1048576K
}
Event: 120.315 GC heap before
{Heap before GC invocations=13 (full 3):
 PSYoungGen      total 256000K, used 178004K [0x00000000eab00000, 0x0000000100000000, 0x0000000100000000)
  eden space 164352K, 100% used [0x00000000eab00000,0x00000000f4b80000,0x00000000f4b80000)
  from space 91648K, 14% used [0x00000000f4b80000,0x00000000f58d5370,0x00000000fa500000)
  to   space 89088K, 0% used [0x00000000fa900000,0x00000000fa900000,0x0000000100000000)
 ParOldGen       total 699392K, used 39932K [0x00000000c0000000, 0x00000000eab00000, 0x00000000eab00000)
  object space 699392K, 5% used [0x00000000c0000000,0x00000000c26ff010,0x00000000eab00000)
 Metaspace       used 74840K, capacity 76042K, committed 76312K, reserved 1116160K
  class space    used 8854K, capacity 9163K, committed 9264K, reserved 1048576K
Event: 120.337 GC heap after
Heap after GC invocations=13 (full 3):
 PSYoungGen      total 262144K, used 11128K [0x00000000eab00000, 0x0000000100000000, 0x0000000100000000)
  eden space 173056K, 0% used [0x00000000eab00000,0x00000000eab00000,0x00000000f5400000)
  from space 89088K, 12% used [0x00000000fa900000,0x00000000fb3de3c8,0x0000000100000000)
  to   space 87040K, 0% used [0x00000000f5400000,0x00000000f5400000,0x00000000fa900000)
 ParOldGen       total 699392K, used 39940K [0x00000000c0000000, 0x00000000eab00000, 0x00000000eab00000)
  object space 699392K, 5% used [0x00000000c0000000,0x00000000c2701010,0x00000000eab00000)
 Metaspace       used 74840K, capacity 76042K, committed 76312K, reserved 1116160K
  class space    used 8854K, capacity 9163K, committed 9264K, reserved 1048576K
}
Event: 220.896 GC heap before
{Heap before GC invocations=14 (full 3):
 PSYoungGen      total 262144K, used 184184K [0x00000000eab00000, 0x0000000100000000, 0x0000000100000000)
  eden space 173056K, 100% used [0x00000000eab00000,0x00000000f5400000,0x00000000f5400000)
  from space 89088K, 12% used [0x00000000fa900000,0x00000000fb3de3c8,0x0000000100000000)
  to   space 87040K, 0% used [0x00000000f5400000,0x00000000f5400000,0x00000000fa900000)
 ParOldGen       total 699392K, used 39940K [0x00000000c0000000, 0x00000000eab00000, 0x00000000eab00000)
  object space 699392K, 5% used [0x00000000c0000000,0x00000000c2701010,0x00000000eab00000)
 Metaspace       used 75601K, capacity 76890K, committed 77080K, reserved 1118208K
  class space    used 8884K, capacity 9190K, committed 9264K, reserved 1048576K
Event: 220.910 GC heap after
Heap after GC invocations=14 (full 3):
 PSYoungGen      total 260096K, used 11759K [0x00000000eab00000, 0x0000000100000000, 0x0000000100000000)
  eden space 173056K, 0% used [0x00000000eab00000,0x00000000eab00000,0x00000000f5400000)
  from space 87040K, 13% used [0x00000000f5400000,0x00000000f5f7bc50,0x00000000fa900000)
  to   space 84480K, 0% used [0x00000000fad80000,0x00000000fad80000,0x0000000100000000)
 ParOldGen       total 699392K, used 39948K [0x00000000c0000000, 0x00000000eab00000, 0x00000000eab00000)
  object space 699392K, 5% used [0x00000000c0000000,0x00000000c2703010,0x00000000eab00000)
 Metaspace       used 75601K, capacity 76890K, committed 77080K, reserved 1118208K
  class space    used 8884K, capacity 9190K, committed 9264K, reserved 1048576K
}

