# JRE version: Java(TM) SE Runtime Environment (8.0_60-b27) (build 1.8.0_60-b27)
# Java VM: Java HotSpot(TM) 64-Bit Server VM (25.60-b23 mixed mode linux-amd64 compressed oops)
Heap:
 PSYoungGen      total 305664K, used 58638K [0x00000000eab00000, 0x0000000100000000, 0x0000000100000000)
  eden space 262144K, 5% used [0x00000000eab00000,0x00000000eb9c5108,0x00000000fab00000)
  from space 43520K, 99% used [0x00000000fab00000,0x00000000fd57ea60,0x00000000fd580000)
  to   space 43520K, 0% used [0x00000000fd580000,0x00000000fd580000,0x0000000100000000)
 ParOldGen       total 699392K, used 58093K [0x00000000c0000000, 0x00000000eab00000, 0x00000000eab00000)
  object space 699392K, 8% used [0x00000000c0000000,0x00000000c38bb7f8,0x00000000eab00000)
 Metaspace       used 20883K, capacity 21426K, committed 21552K, reserved 1069056K
  class space    used 2359K, capacity 2566K, committed 2608K, reserved 1048576K
GC Heap History (8 events):
Event: 2.743 GC heap before
{Heap before GC invocations=1 (full 0):
 PSYoungGen      total 305664K, used 262144K [0x00000000eab00000, 0x0000000100000000, 0x0000000100000000)
  eden space 262144K, 100% used [0x00000000eab00000,0x00000000fab00000,0x00000000fab00000)
  from space 43520K, 0% used [0x00000000fd580000,0x00000000fd580000,0x0000000100000000)
  to   space 43520K, 0% used [0x00000000fab00000,0x00000000fab00000,0x00000000fd580000)
 ParOldGen       total 699392K, used 0K [0x00000000c0000000, 0x00000000eab00000, 0x00000000eab00000)
  object space 699392K, 0% used [0x00000000c0000000,0x00000000c0000000,0x00000000eab00000)
 Metaspace       used 15253K, capacity 15718K, committed 15872K, reserved 1062912K
  class space    used 1769K, capacity 1939K, committed 2048K, reserved 1048576K
Event: 2.781 GC heap after
Heap after GC invocations=1 (full 0):
 PSYoungGen      total 305664K, used 20256K [0x00000000eab00000, 0x0000000100000000, 0x0000000100000000)
  eden space 262144K, 0% used [0x00000000eab00000,0x00000000eab00000,0x00000000fab00000)
  from space 43520K, 46% used [0x00000000fab00000,0x00000000fbec82f0,0x00000000fd580000)
  to   space 43520K, 0% used [0x00000000fd580000,0x00000000fd580000,0x0000000100000000)
 ParOldGen       total 699392K, used 16K [0x00000000c0000000, 0x00000000eab00000, 0x00000000eab00000)
  object space 699392K, 0% used [0x00000000c0000000,0x00000000c0004000,0x00000000eab00000)
 Metaspace       used 15253K, capacity 15718K, committed 15872K, reserved 1062912K
  class space    used 1769K, capacity 1939K, committed 2048K, reserved 1048576K
}
Event: 7.411 GC heap before
{Heap before GC invocations=2 (full 0):
 PSYoungGen      total 305664K, used 267741K [0x00000000eab00000, 0x0000000100000000, 0x0000000100000000)
  eden space 262144K, 94% used [0x00000000eab00000,0x00000000f9caf228,0x00000000fab00000)
  from space 43520K, 46% used [0x00000000fab00000,0x00000000fbec82f0,0x00000000fd580000)
  to   space 43520K, 0% used [0x00000000fd580000,0x00000000fd580000,0x0000000100000000)
 ParOldGen       total 699392K, used 16K [0x00000000c0000000, 0x00000000eab00000, 0x00000000eab00000)
  object space 699392K, 0% used [0x00000000c0000000,0x00000000c0004000,0x00000000eab00000)
 Metaspace       used 20710K, capacity 21234K, committed 21296K, reserved 1069056K
  class space    used 2355K, capacity 2566K, committed 2608K, reserved 1048576K
Event: 7.450 GC heap after
Heap after GC invocations=2 (full 0):
 PSYoungGen      total 305664K, used 22225K [0x00000000eab00000, 0x0000000100000000, 0x0000000100000000)
  eden space 262144K, 0% used [0x00000000eab00000,0x00000000eab00000,0x00000000fab00000)
  from space 43520K, 51% used [0x00000000fd580000,0x00000000feb345a8,0x0000000100000000)
  to   space 43520K, 0% used [0x00000000fab00000,0x00000000fab00000,0x00000000fd580000)
 ParOldGen       total 699392K, used 104K [0x00000000c0000000, 0x00000000eab00000, 0x00000000eab00000)
  object space 699392K, 0% used [0x00000000c0000000,0x00000000c001a010,0x00000000eab00000)
 Metaspace       used 20710K, capacity 21234K, committed 21296K, reserved 1069056K
  class space    used 2355K, capacity 2566K, committed 2608K, reserved 1048576K
}
Event: 7.450 GC heap before
{Heap before GC invocations=3 (full 1):
 PSYoungGen      total 305664K, used 22225K [0x00000000eab00000, 0x0000000100000000, 0x0000000100000000)
  eden space 262144K, 0% used [0x00000000eab00000,0x00000000eab00000,0x00000000fab00000)
  from space 43520K, 51% used [0x00000000fd580000,0x00000000feb345a8,0x0000000100000000)
  to   space 43520K, 0% used [0x00000000fab00000,0x00000000fab00000,0x00000000fd580000)
 ParOldGen       total 699392K, used 104K [0x00000000c0000000, 0x00000000eab00000, 0x00000000eab00000)
  object space 699392K, 0% used [0x00000000c0000000,0x00000000c001a010,0x00000000eab00000)
 Metaspace       used 20710K, capacity 21234K, committed 21296K, reserved 1069056K
  class space    used 2355K, capacity 2566K, committed 2608K, reserved 1048576K
Event: 7.524 GC heap after
Heap after GC invocations=3 (full 1):
 PSYoungGen      total 305664K, used 0K [0x00000000eab00000, 0x0000000100000000, 0x0000000100000000)
  eden space 262144K, 0% used [0x00000000eab00000,0x00000000eab00000,0x00000000fab00000)
  from space 43520K, 0% used [0x00000000fd580000,0x00000000fd580000,0x0000000100000000)
  to   space 43520K, 0% used [0x00000000fab00000,0x00000000fab00000,0x00000000fd580000)
 ParOldGen       total 699392K, used 21861K [0x00000000c0000000, 0x00000000eab00000, 0x00000000eab00000)
  object space 699392K, 3% used [0x00000000c0000000,0x00000000c1559400,0x00000000eab00000)
 Metaspace       used 20710K, capacity 21234K, committed 21296K, reserved 1069056K
  class space    used 2355K, capacity 2566K, committed 2608K, reserved 1048576K
}
Event: 9.141 GC heap before
{Heap before GC invocations=4 (full 1):
 PSYoungGen      total 305664K, used 262144K [0x00000000eab00000, 0x0000000100000000, 0x0000000100000000)
  eden space 262144K, 100% used [0x00000000eab00000,0x00000000fab00000,0x00000000fab00000)
  from space 43520K, 0% used [0x00000000fd580000,0x00000000fd580000,0x0000000100000000)
  to   space 43520K, 0% used [0x00000000fab00000,0x00000000fab00000,0x00000000fd580000)
 ParOldGen       total 699392K, used 21861K [0x00000000c0000000, 0x00000000eab00000, 0x00000000eab00000)
  object space 699392K, 3% used [0x00000000c0000000,0x00000000c1559738,0x00000000eab00000)
 Metaspace       used 20882K, capacity 21426K, committed 21552K, reserved 1069056K
  class space    used 2359K, capacity 2566K, committed 2608K, reserved 1048576K
Event: 9.317 GC heap after
Heap after GC invocations=4 (full 1):
 PSYoungGen      total 305664K, used 43514K [0x00000000eab00000, 0x0000000100000000, 0x0000000100000000)
  eden space 262144K, 0% used [0x00000000eab00000,0x00000000eab00000,0x00000000fab00000)
  from space 43520K, 99% used [0x00000000fab00000,0x00000000fd57ea60,0x00000000fd580000)
  to   space 43520K, 0% used [0x00000000fd580000,0x00000000fd580000,0x0000000100000000)
 ParOldGen       total 699392K, used 58093K [0x00000000c0000000, 0x00000000eab00000, 0x00000000eab00000)
  object space 699392K, 8% used [0x00000000c0000000,0x00000000c38bb7f8,0x00000000eab00000)
 Metaspace       used 20882K, capacity 21426K, committed 21552K, reserved 1069056K
  class space    used 2359K, capacity 2566K, committed 2608K, reserved 1048576K
}

